  myglwidget.cpp
C:\Users\86139\Desktop\大三上\计算机图形学\hw1\Demo\myglwidget.cpp(1,1): warning C4828: 文件包含在偏移 0x390 处开始的字符，该字符在当前源字符集中无效(代码页 65001)。
C:\Users\86139\Desktop\大三上\计算机图形学\hw1\Demo\myglwidget.cpp(1,1): warning C4828: 文件包含在偏移 0x392 处开始的字符，该字符在当前源字符集中无效(代码页 65001)。
C:\Users\86139\Desktop\大三上\计算机图形学\hw1\Demo\myglwidget.cpp(1,1): warning C4828: 文件包含在偏移 0x393 处开始的字符，该字符在当前源字符集中无效(代码页 65001)。
C:\Users\86139\Desktop\大三上\计算机图形学\hw1\Demo\myglwidget.cpp(1,1): warning C4828: 文件包含在偏移 0x394 处开始的字符，该字符在当前源字符集中无效(代码页 65001)。
C:\Users\86139\Desktop\大三上\计算机图形学\hw1\Demo\myglwidget.cpp(1,1): warning C4828: 文件包含在偏移 0x396 处开始的字符，该字符在当前源字符集中无效(代码页 65001)。
C:\Users\86139\Desktop\大三上\计算机图形学\hw1\Demo\myglwidget.cpp(1,1): warning C4828: 文件包含在偏移 0x397 处开始的字符，该字符在当前源字符集中无效(代码页 65001)。
C:\Users\86139\Desktop\大三上\计算机图形学\hw1\Demo\myglwidget.cpp(1,1): warning C4828: 文件包含在偏移 0x398 处开始的字符，该字符在当前源字符集中无效(代码页 65001)。
C:\Users\86139\Desktop\大三上\计算机图形学\hw1\Demo\myglwidget.cpp(1,1): warning C4828: 文件包含在偏移 0x399 处开始的字符，该字符在当前源字符集中无效(代码页 65001)。
C:\Users\86139\Desktop\大三上\计算机图形学\hw1\Demo\myglwidget.cpp(1,1): warning C4828: 文件包含在偏移 0x39a 处开始的字符，该字符在当前源字符集中无效(代码页 65001)。
C:\Users\86139\Desktop\大三上\计算机图形学\hw1\Demo\myglwidget.cpp(1,1): warning C4828: 文件包含在偏移 0x39d 处开始的字符，该字符在当前源字符集中无效(代码页 65001)。
C:\Users\86139\Desktop\大三上\计算机图形学\hw1\Demo\myglwidget.cpp(1,1): warning C4828: 文件包含在偏移 0x39f 处开始的字符，该字符在当前源字符集中无效(代码页 65001)。
C:\Users\86139\Desktop\大三上\计算机图形学\hw1\Demo\myglwidget.cpp(1,1): warning C4828: 文件包含在偏移 0x3a1 处开始的字符，该字符在当前源字符集中无效(代码页 65001)。
C:\Users\86139\Desktop\大三上\计算机图形学\hw1\Demo\myglwidget.cpp(1,1): warning C4828: 文件包含在偏移 0x3a2 处开始的字符，该字符在当前源字符集中无效(代码页 65001)。
C:\Users\86139\Desktop\大三上\计算机图形学\hw1\Demo\myglwidget.cpp(1,1): warning C4828: 文件包含在偏移 0x3a3 处开始的字符，该字符在当前源字符集中无效(代码页 65001)。
C:\Users\86139\Desktop\大三上\计算机图形学\hw1\Demo\myglwidget.cpp(1,1): warning C4828: 文件包含在偏移 0x3a5 处开始的字符，该字符在当前源字符集中无效(代码页 65001)。
C:\Users\86139\Desktop\大三上\计算机图形学\hw1\Demo\myglwidget.cpp(1,1): warning C4828: 文件包含在偏移 0x40a 处开始的字符，该字符在当前源字符集中无效(代码页 65001)。
C:\Users\86139\Desktop\大三上\计算机图形学\hw1\Demo\myglwidget.cpp(1,1): warning C4828: 文件包含在偏移 0x40c 处开始的字符，该字符在当前源字符集中无效(代码页 65001)。
C:\Users\86139\Desktop\大三上\计算机图形学\hw1\Demo\myglwidget.cpp(1,1): warning C4828: 文件包含在偏移 0x40d 处开始的字符，该字符在当前源字符集中无效(代码页 65001)。
C:\Users\86139\Desktop\大三上\计算机图形学\hw1\Demo\myglwidget.cpp(1,1): warning C4828: 文件包含在偏移 0x40e 处开始的字符，该字符在当前源字符集中无效(代码页 65001)。
C:\Users\86139\Desktop\大三上\计算机图形学\hw1\Demo\myglwidget.cpp(1,1): warning C4828: 文件包含在偏移 0x410 处开始的字符，该字符在当前源字符集中无效(代码页 65001)。
C:\Users\86139\Desktop\大三上\计算机图形学\hw1\Demo\myglwidget.cpp(1,1): warning C4828: 文件包含在偏移 0x411 处开始的字符，该字符在当前源字符集中无效(代码页 65001)。
C:\Users\86139\Desktop\大三上\计算机图形学\hw1\Demo\myglwidget.cpp(1,1): warning C4828: 文件包含在偏移 0x412 处开始的字符，该字符在当前源字符集中无效(代码页 65001)。
C:\Users\86139\Desktop\大三上\计算机图形学\hw1\Demo\myglwidget.cpp(1,1): warning C4828: 文件包含在偏移 0x413 处开始的字符，该字符在当前源字符集中无效(代码页 65001)。
C:\Users\86139\Desktop\大三上\计算机图形学\hw1\Demo\myglwidget.cpp(1,1): warning C4828: 文件包含在偏移 0x414 处开始的字符，该字符在当前源字符集中无效(代码页 65001)。
C:\Users\86139\Desktop\大三上\计算机图形学\hw1\Demo\myglwidget.cpp(1,1): warning C4828: 文件包含在偏移 0x417 处开始的字符，该字符在当前源字符集中无效(代码页 65001)。
C:\Users\86139\Desktop\大三上\计算机图形学\hw1\Demo\myglwidget.cpp(1,1): warning C4828: 文件包含在偏移 0x419 处开始的字符，该字符在当前源字符集中无效(代码页 65001)。
C:\Users\86139\Desktop\大三上\计算机图形学\hw1\Demo\myglwidget.cpp(1,1): warning C4828: 文件包含在偏移 0x41a 处开始的字符，该字符在当前源字符集中无效(代码页 65001)。
C:\Users\86139\Desktop\大三上\计算机图形学\hw1\Demo\myglwidget.cpp(1,1): warning C4828: 文件包含在偏移 0x41b 处开始的字符，该字符在当前源字符集中无效(代码页 65001)。
C:\Users\86139\Desktop\大三上\计算机图形学\hw1\Demo\myglwidget.cpp(1,1): warning C4828: 文件包含在偏移 0x41c 处开始的字符，该字符在当前源字符集中无效(代码页 65001)。
C:\Users\86139\Desktop\大三上\计算机图形学\hw1\Demo\myglwidget.cpp(1,1): warning C4828: 文件包含在偏移 0x41d 处开始的字符，该字符在当前源字符集中无效(代码页 65001)。
C:\Users\86139\Desktop\大三上\计算机图形学\hw1\Demo\myglwidget.cpp(1,1): warning C4828: 文件包含在偏移 0x41f 处开始的字符，该字符在当前源字符集中无效(代码页 65001)。
C:\Users\86139\Desktop\大三上\计算机图形学\hw1\Demo\myglwidget.cpp(1,1): warning C4828: 文件包含在偏移 0x484 处开始的字符，该字符在当前源字符集中无效(代码页 65001)。
C:\Users\86139\Desktop\大三上\计算机图形学\hw1\Demo\myglwidget.cpp(1,1): warning C4828: 文件包含在偏移 0x486 处开始的字符，该字符在当前源字符集中无效(代码页 65001)。
C:\Users\86139\Desktop\大三上\计算机图形学\hw1\Demo\myglwidget.cpp(1,1): warning C4828: 文件包含在偏移 0x487 处开始的字符，该字符在当前源字符集中无效(代码页 65001)。
C:\Users\86139\Desktop\大三上\计算机图形学\hw1\Demo\myglwidget.cpp(1,1): warning C4828: 文件包含在偏移 0x488 处开始的字符，该字符在当前源字符集中无效(代码页 65001)。
C:\Users\86139\Desktop\大三上\计算机图形学\hw1\Demo\myglwidget.cpp(1,1): warning C4828: 文件包含在偏移 0x48a 处开始的字符，该字符在当前源字符集中无效(代码页 65001)。
C:\Users\86139\Desktop\大三上\计算机图形学\hw1\Demo\myglwidget.cpp(1,1): warning C4828: 文件包含在偏移 0x48b 处开始的字符，该字符在当前源字符集中无效(代码页 65001)。
C:\Users\86139\Desktop\大三上\计算机图形学\hw1\Demo\myglwidget.cpp(1,1): warning C4828: 文件包含在偏移 0x48c 处开始的字符，该字符在当前源字符集中无效(代码页 65001)。
C:\Users\86139\Desktop\大三上\计算机图形学\hw1\Demo\myglwidget.cpp(1,1): warning C4828: 文件包含在偏移 0x48d 处开始的字符，该字符在当前源字符集中无效(代码页 65001)。
C:\Users\86139\Desktop\大三上\计算机图形学\hw1\Demo\myglwidget.cpp(1,1): warning C4828: 文件包含在偏移 0x48e 处开始的字符，该字符在当前源字符集中无效(代码页 65001)。
C:\Users\86139\Desktop\大三上\计算机图形学\hw1\Demo\myglwidget.cpp(1,1): warning C4828: 文件包含在偏移 0x491 处开始的字符，该字符在当前源字符集中无效(代码页 65001)。
C:\Users\86139\Desktop\大三上\计算机图形学\hw1\Demo\myglwidget.cpp(1,1): warning C4828: 文件包含在偏移 0x493 处开始的字符，该字符在当前源字符集中无效(代码页 65001)。
C:\Users\86139\Desktop\大三上\计算机图形学\hw1\Demo\myglwidget.cpp(1,1): warning C4828: 文件包含在偏移 0x495 处开始的字符，该字符在当前源字符集中无效(代码页 65001)。
C:\Users\86139\Desktop\大三上\计算机图形学\hw1\Demo\myglwidget.cpp(1,1): warning C4828: 文件包含在偏移 0x496 处开始的字符，该字符在当前源字符集中无效(代码页 65001)。
C:\Users\86139\Desktop\大三上\计算机图形学\hw1\Demo\myglwidget.cpp(1,1): warning C4828: 文件包含在偏移 0x497 处开始的字符，该字符在当前源字符集中无效(代码页 65001)。
C:\Users\86139\Desktop\大三上\计算机图形学\hw1\Demo\myglwidget.cpp(1,1): warning C4828: 文件包含在偏移 0x499 处开始的字符，该字符在当前源字符集中无效(代码页 65001)。
C:\Users\86139\Desktop\大三上\计算机图形学\hw1\Demo\myglwidget.cpp(1,1): warning C4828: 文件包含在偏移 0x4fe 处开始的字符，该字符在当前源字符集中无效(代码页 65001)。
C:\Users\86139\Desktop\大三上\计算机图形学\hw1\Demo\myglwidget.cpp(1,1): warning C4828: 文件包含在偏移 0x500 处开始的字符，该字符在当前源字符集中无效(代码页 65001)。
C:\Users\86139\Desktop\大三上\计算机图形学\hw1\Demo\myglwidget.cpp(1,1): warning C4828: 文件包含在偏移 0x501 处开始的字符，该字符在当前源字符集中无效(代码页 65001)。
C:\Users\86139\Desktop\大三上\计算机图形学\hw1\Demo\myglwidget.cpp(1,1): warning C4828: 文件包含在偏移 0x502 处开始的字符，该字符在当前源字符集中无效(代码页 65001)。
C:\Users\86139\Desktop\大三上\计算机图形学\hw1\Demo\myglwidget.cpp(1,1): warning C4828: 文件包含在偏移 0x504 处开始的字符，该字符在当前源字符集中无效(代码页 65001)。
C:\Users\86139\Desktop\大三上\计算机图形学\hw1\Demo\myglwidget.cpp(1,1): warning C4828: 文件包含在偏移 0x505 处开始的字符，该字符在当前源字符集中无效(代码页 65001)。
C:\Users\86139\Desktop\大三上\计算机图形学\hw1\Demo\myglwidget.cpp(1,1): warning C4828: 文件包含在偏移 0x506 处开始的字符，该字符在当前源字符集中无效(代码页 65001)。
C:\Users\86139\Desktop\大三上\计算机图形学\hw1\Demo\myglwidget.cpp(1,1): warning C4828: 文件包含在偏移 0x507 处开始的字符，该字符在当前源字符集中无效(代码页 65001)。
C:\Users\86139\Desktop\大三上\计算机图形学\hw1\Demo\myglwidget.cpp(1,1): warning C4828: 文件包含在偏移 0x508 处开始的字符，该字符在当前源字符集中无效(代码页 65001)。
C:\Users\86139\Desktop\大三上\计算机图形学\hw1\Demo\myglwidget.cpp(1,1): warning C4828: 文件包含在偏移 0x50b 处开始的字符，该字符在当前源字符集中无效(代码页 65001)。
C:\Users\86139\Desktop\大三上\计算机图形学\hw1\Demo\myglwidget.cpp(1,1): warning C4828: 文件包含在偏移 0x50d 处开始的字符，该字符在当前源字符集中无效(代码页 65001)。
C:\Users\86139\Desktop\大三上\计算机图形学\hw1\Demo\myglwidget.cpp(1,1): warning C4828: 文件包含在偏移 0x50e 处开始的字符，该字符在当前源字符集中无效(代码页 65001)。
C:\Users\86139\Desktop\大三上\计算机图形学\hw1\Demo\myglwidget.cpp(1,1): warning C4828: 文件包含在偏移 0x50f 处开始的字符，该字符在当前源字符集中无效(代码页 65001)。
C:\Users\86139\Desktop\大三上\计算机图形学\hw1\Demo\myglwidget.cpp(1,1): warning C4828: 文件包含在偏移 0x510 处开始的字符，该字符在当前源字符集中无效(代码页 65001)。
C:\Users\86139\Desktop\大三上\计算机图形学\hw1\Demo\myglwidget.cpp(1,1): warning C4828: 文件包含在偏移 0x511 处开始的字符，该字符在当前源字符集中无效(代码页 65001)。
C:\Users\86139\Desktop\大三上\计算机图形学\hw1\Demo\myglwidget.cpp(1,1): warning C4828: 文件包含在偏移 0x513 处开始的字符，该字符在当前源字符集中无效(代码页 65001)。
C:\Users\86139\Desktop\大三上\计算机图形学\hw1\Demo\myglwidget.cpp(1,1): warning C4828: 文件包含在偏移 0x579 处开始的字符，该字符在当前源字符集中无效(代码页 65001)。
C:\Users\86139\Desktop\大三上\计算机图形学\hw1\Demo\myglwidget.cpp(1,1): warning C4828: 文件包含在偏移 0x57a 处开始的字符，该字符在当前源字符集中无效(代码页 65001)。
C:\Users\86139\Desktop\大三上\计算机图形学\hw1\Demo\myglwidget.cpp(1,1): warning C4828: 文件包含在偏移 0x57b 处开始的字符，该字符在当前源字符集中无效(代码页 65001)。
C:\Users\86139\Desktop\大三上\计算机图形学\hw1\Demo\myglwidget.cpp(1,1): warning C4828: 文件包含在偏移 0x57c 处开始的字符，该字符在当前源字符集中无效(代码页 65001)。
C:\Users\86139\Desktop\大三上\计算机图形学\hw1\Demo\myglwidget.cpp(1,1): warning C4828: 文件包含在偏移 0x57d 处开始的字符，该字符在当前源字符集中无效(代码页 65001)。
C:\Users\86139\Desktop\大三上\计算机图形学\hw1\Demo\myglwidget.cpp(1,1): warning C4828: 文件包含在偏移 0x580 处开始的字符，该字符在当前源字符集中无效(代码页 65001)。
C:\Users\86139\Desktop\大三上\计算机图形学\hw1\Demo\myglwidget.cpp(1,1): warning C4828: 文件包含在偏移 0x582 处开始的字符，该字符在当前源字符集中无效(代码页 65001)。
C:\Users\86139\Desktop\大三上\计算机图形学\hw1\Demo\myglwidget.cpp(1,1): warning C4828: 文件包含在偏移 0x584 处开始的字符，该字符在当前源字符集中无效(代码页 65001)。
C:\Users\86139\Desktop\大三上\计算机图形学\hw1\Demo\myglwidget.cpp(1,1): warning C4828: 文件包含在偏移 0x585 处开始的字符，该字符在当前源字符集中无效(代码页 65001)。
C:\Users\86139\Desktop\大三上\计算机图形学\hw1\Demo\myglwidget.cpp(1,1): warning C4828: 文件包含在偏移 0x586 处开始的字符，该字符在当前源字符集中无效(代码页 65001)。
C:\Users\86139\Desktop\大三上\计算机图形学\hw1\Demo\myglwidget.cpp(1,1): warning C4828: 文件包含在偏移 0x588 处开始的字符，该字符在当前源字符集中无效(代码页 65001)。
C:\Users\86139\Desktop\大三上\计算机图形学\hw1\Demo\myglwidget.cpp(1,1): warning C4828: 文件包含在偏移 0x5ee 处开始的字符，该字符在当前源字符集中无效(代码页 65001)。
C:\Users\86139\Desktop\大三上\计算机图形学\hw1\Demo\myglwidget.cpp(1,1): warning C4828: 文件包含在偏移 0x5ef 处开始的字符，该字符在当前源字符集中无效(代码页 65001)。
C:\Users\86139\Desktop\大三上\计算机图形学\hw1\Demo\myglwidget.cpp(1,1): warning C4828: 文件包含在偏移 0x5f0 处开始的字符，该字符在当前源字符集中无效(代码页 65001)。
C:\Users\86139\Desktop\大三上\计算机图形学\hw1\Demo\myglwidget.cpp(1,1): warning C4828: 文件包含在偏移 0x5f1 处开始的字符，该字符在当前源字符集中无效(代码页 65001)。
C:\Users\86139\Desktop\大三上\计算机图形学\hw1\Demo\myglwidget.cpp(1,1): warning C4828: 文件包含在偏移 0x5f2 处开始的字符，该字符在当前源字符集中无效(代码页 65001)。
C:\Users\86139\Desktop\大三上\计算机图形学\hw1\Demo\myglwidget.cpp(1,1): warning C4828: 文件包含在偏移 0x5f5 处开始的字符，该字符在当前源字符集中无效(代码页 65001)。
C:\Users\86139\Desktop\大三上\计算机图形学\hw1\Demo\myglwidget.cpp(1,1): warning C4828: 文件包含在偏移 0x5f7 处开始的字符，该字符在当前源字符集中无效(代码页 65001)。
C:\Users\86139\Desktop\大三上\计算机图形学\hw1\Demo\myglwidget.cpp(1,1): warning C4828: 文件包含在偏移 0x5f8 处开始的字符，该字符在当前源字符集中无效(代码页 65001)。
C:\Users\86139\Desktop\大三上\计算机图形学\hw1\Demo\myglwidget.cpp(1,1): warning C4828: 文件包含在偏移 0x5f9 处开始的字符，该字符在当前源字符集中无效(代码页 65001)。
C:\Users\86139\Desktop\大三上\计算机图形学\hw1\Demo\myglwidget.cpp(1,1): warning C4828: 文件包含在偏移 0x5fa 处开始的字符，该字符在当前源字符集中无效(代码页 65001)。
C:\Users\86139\Desktop\大三上\计算机图形学\hw1\Demo\myglwidget.cpp(1,1): warning C4828: 文件包含在偏移 0x5fb 处开始的字符，该字符在当前源字符集中无效(代码页 65001)。
C:\Users\86139\Desktop\大三上\计算机图形学\hw1\Demo\myglwidget.cpp(1,1): warning C4828: 文件包含在偏移 0x5fd 处开始的字符，该字符在当前源字符集中无效(代码页 65001)。
C:\Users\86139\Desktop\大三上\计算机图形学\hw1\Demo\myglwidget.cpp(1,1): warning C4828: 文件包含在偏移 0xa9b 处开始的字符，该字符在当前源字符集中无效(代码页 65001)。
C:\Users\86139\Desktop\大三上\计算机图形学\hw1\Demo\myglwidget.cpp(1,1): warning C4828: 文件包含在偏移 0xa9e 处开始的字符，该字符在当前源字符集中无效(代码页 65001)。
C:\Users\86139\Desktop\大三上\计算机图形学\hw1\Demo\myglwidget.cpp(1,1): warning C4828: 文件包含在偏移 0xaa3 处开始的字符，该字符在当前源字符集中无效(代码页 65001)。
C:\Users\86139\Desktop\大三上\计算机图形学\hw1\Demo\myglwidget.cpp(1,1): warning C4828: 文件包含在偏移 0xacb 处开始的字符，该字符在当前源字符集中无效(代码页 65001)。
C:\Users\86139\Desktop\大三上\计算机图形学\hw1\Demo\myglwidget.cpp(1,1): warning C4828: 文件包含在偏移 0xacc 处开始的字符，该字符在当前源字符集中无效(代码页 65001)。
C:\Users\86139\Desktop\大三上\计算机图形学\hw1\Demo\myglwidget.cpp(1,1): warning C4828: 文件包含在偏移 0xad1 处开始的字符，该字符在当前源字符集中无效(代码页 65001)。
C:\Users\86139\Desktop\大三上\计算机图形学\hw1\Demo\myglwidget.cpp(1,1): warning C4828: 文件包含在偏移 0xaf7 处开始的字符，该字符在当前源字符集中无效(代码页 65001)。
C:\Users\86139\Desktop\大三上\计算机图形学\hw1\Demo\myglwidget.cpp(1,1): warning C4828: 文件包含在偏移 0xaf9 处开始的字符，该字符在当前源字符集中无效(代码页 65001)。
C:\Users\86139\Desktop\大三上\计算机图形学\hw1\Demo\myglwidget.cpp(1,1): warning C4828: 文件包含在偏移 0xafa 处开始的字符，该字符在当前源字符集中无效(代码页 65001)。
C:\Users\86139\Desktop\大三上\计算机图形学\hw1\Demo\myglwidget.cpp(1,1): warning C4828: 文件包含在偏移 0xafb 处开始的字符，该字符在当前源字符集中无效(代码页 65001)。
C:\Users\86139\Desktop\大三上\计算机图形学\hw1\Demo\myglwidget.cpp(1,1): warning C4828: 文件包含在偏移 0xb21 处开始的字符，该字符在当前源字符集中无效(代码页 65001)。
C:\Users\86139\Desktop\大三上\计算机图形学\hw1\Demo\myglwidget.cpp(1,1): warning C4828: 文件包含在偏移 0xb22 处开始的字符，该字符在当前源字符集中无效(代码页 65001)。
C:\Users\86139\Desktop\大三上\计算机图形学\hw1\Demo\myglwidget.cpp(1,1): warning C4828: 文件包含在偏移 0xb25 处开始的字符，该字符在当前源字符集中无效(代码页 65001)。
C:\Users\86139\Desktop\大三上\计算机图形学\hw1\Demo\myglwidget.cpp(1,1): warning C4828: 文件包含在偏移 0xb9d 处开始的字符，该字符在当前源字符集中无效(代码页 65001)。
C:\Users\86139\Desktop\大三上\计算机图形学\hw1\Demo\myglwidget.cpp(1,1): warning C4828: 文件包含在偏移 0xb9f 处开始的字符，该字符在当前源字符集中无效(代码页 65001)。
C:\Users\86139\Desktop\大三上\计算机图形学\hw1\Demo\myglwidget.cpp(1,1): warning C4828: 文件包含在偏移 0xba1 处开始的字符，该字符在当前源字符集中无效(代码页 65001)。
C:\Users\86139\Desktop\大三上\计算机图形学\hw1\Demo\myglwidget.cpp(1,1): warning C4828: 文件包含在偏移 0xba2 处开始的字符，该字符在当前源字符集中无效(代码页 65001)。
C:\Users\86139\Desktop\大三上\计算机图形学\hw1\Demo\myglwidget.cpp(1,1): warning C4828: 文件包含在偏移 0xba4 处开始的字符，该字符在当前源字符集中无效(代码页 65001)。
C:\Users\86139\Desktop\大三上\计算机图形学\hw1\Demo\myglwidget.cpp(1,1): warning C4828: 文件包含在偏移 0xc98 处开始的字符，该字符在当前源字符集中无效(代码页 65001)。
C:\Users\86139\Desktop\大三上\计算机图形学\hw1\Demo\myglwidget.cpp(1,1): warning C4828: 文件包含在偏移 0xc9c 处开始的字符，该字符在当前源字符集中无效(代码页 65001)。
C:\Users\86139\Desktop\大三上\计算机图形学\hw1\Demo\myglwidget.cpp(1,1): warning C4828: 文件包含在偏移 0xc9d 处开始的字符，该字符在当前源字符集中无效(代码页 65001)。
C:\Users\86139\Desktop\大三上\计算机图形学\hw1\Demo\myglwidget.cpp(1,1): warning C4828: 文件包含在偏移 0xc9f 处开始的字符，该字符在当前源字符集中无效(代码页 65001)。
C:\Users\86139\Desktop\大三上\计算机图形学\hw1\Demo\myglwidget.cpp(1,1): warning C4828: 文件包含在偏移 0xca1 处开始的字符，该字符在当前源字符集中无效(代码页 65001)。
C:\Users\86139\Desktop\大三上\计算机图形学\hw1\Demo\myglwidget.cpp(1,1): warning C4828: 文件包含在偏移 0xda5 处开始的字符，该字符在当前源字符集中无效(代码页 65001)。
C:\Users\86139\Desktop\大三上\计算机图形学\hw1\Demo\myglwidget.cpp(1,1): warning C4828: 文件包含在偏移 0xda6 处开始的字符，该字符在当前源字符集中无效(代码页 65001)。
C:\Users\86139\Desktop\大三上\计算机图形学\hw1\Demo\myglwidget.cpp(1,1): warning C4828: 文件包含在偏移 0xda9 处开始的字符，该字符在当前源字符集中无效(代码页 65001)。
C:\Users\86139\Desktop\大三上\计算机图形学\hw1\Demo\myglwidget.cpp(1,1): warning C4828: 文件包含在偏移 0xe1c 处开始的字符，该字符在当前源字符集中无效(代码页 65001)。
C:\Users\86139\Desktop\大三上\计算机图形学\hw1\Demo\myglwidget.cpp(1,1): warning C4828: 文件包含在偏移 0xe1d 处开始的字符，该字符在当前源字符集中无效(代码页 65001)。
C:\Users\86139\Desktop\大三上\计算机图形学\hw1\Demo\myglwidget.cpp(1,1): warning C4828: 文件包含在偏移 0xe1e 处开始的字符，该字符在当前源字符集中无效(代码页 65001)。
C:\Users\86139\Desktop\大三上\计算机图形学\hw1\Demo\myglwidget.cpp(1,1): warning C4828: 文件包含在偏移 0xe1f 处开始的字符，该字符在当前源字符集中无效(代码页 65001)。
C:\Users\86139\Desktop\大三上\计算机图形学\hw1\Demo\myglwidget.cpp(1,1): warning C4828: 文件包含在偏移 0xe20 处开始的字符，该字符在当前源字符集中无效(代码页 65001)。
C:\Users\86139\Desktop\大三上\计算机图形学\hw1\Demo\myglwidget.cpp(1,1): warning C4828: 文件包含在偏移 0xe25 处开始的字符，该字符在当前源字符集中无效(代码页 65001)。
C:\Users\86139\Desktop\大三上\计算机图形学\hw1\Demo\myglwidget.cpp(1,1): warning C4828: 文件包含在偏移 0xe26 处开始的字符，该字符在当前源字符集中无效(代码页 65001)。
C:\Users\86139\Desktop\大三上\计算机图形学\hw1\Demo\myglwidget.cpp(1,1): warning C4828: 文件包含在偏移 0xe27 处开始的字符，该字符在当前源字符集中无效(代码页 65001)。
C:\Users\86139\Desktop\大三上\计算机图形学\hw1\Demo\myglwidget.cpp(1,1): warning C4828: 文件包含在偏移 0xf8b 处开始的字符，该字符在当前源字符集中无效(代码页 65001)。
C:\Users\86139\Desktop\大三上\计算机图形学\hw1\Demo\myglwidget.cpp(1,1): warning C4828: 文件包含在偏移 0xf8e 处开始的字符，该字符在当前源字符集中无效(代码页 65001)。
C:\Users\86139\Desktop\大三上\计算机图形学\hw1\Demo\myglwidget.cpp(1,1): warning C4828: 文件包含在偏移 0xf90 处开始的字符，该字符在当前源字符集中无效(代码页 65001)。
C:\Users\86139\Desktop\大三上\计算机图形学\hw1\Demo\myglwidget.cpp(1,1): warning C4828: 文件包含在偏移 0x105d 处开始的字符，该字符在当前源字符集中无效(代码页 65001)。
C:\Users\86139\Desktop\大三上\计算机图形学\hw1\Demo\myglwidget.cpp(1,1): warning C4828: 文件包含在偏移 0x105e 处开始的字符，该字符在当前源字符集中无效(代码页 65001)。
C:\Users\86139\Desktop\大三上\计算机图形学\hw1\Demo\myglwidget.cpp(1,1): warning C4828: 文件包含在偏移 0x1061 处开始的字符，该字符在当前源字符集中无效(代码页 65001)。
C:\Users\86139\Desktop\大三上\计算机图形学\hw1\Demo\myglwidget.cpp(1,1): warning C4828: 文件包含在偏移 0x10d7 处开始的字符，该字符在当前源字符集中无效(代码页 65001)。
C:\Users\86139\Desktop\大三上\计算机图形学\hw1\Demo\myglwidget.cpp(1,1): warning C4828: 文件包含在偏移 0x10d9 处开始的字符，该字符在当前源字符集中无效(代码页 65001)。
C:\Users\86139\Desktop\大三上\计算机图形学\hw1\Demo\myglwidget.cpp(1,1): warning C4828: 文件包含在偏移 0x1191 处开始的字符，该字符在当前源字符集中无效(代码页 65001)。
C:\Users\86139\Desktop\大三上\计算机图形学\hw1\Demo\myglwidget.cpp(1,1): warning C4828: 文件包含在偏移 0x1193 处开始的字符，该字符在当前源字符集中无效(代码页 65001)。
C:\Users\86139\Desktop\大三上\计算机图形学\hw1\Demo\myglwidget.cpp(1,1): warning C4828: 文件包含在偏移 0x1194 处开始的字符，该字符在当前源字符集中无效(代码页 65001)。
C:\Users\86139\Desktop\大三上\计算机图形学\hw1\Demo\myglwidget.cpp(1,1): warning C4828: 文件包含在偏移 0x1249 处开始的字符，该字符在当前源字符集中无效(代码页 65001)。
C:\Users\86139\Desktop\大三上\计算机图形学\hw1\Demo\myglwidget.cpp(1,1): warning C4828: 文件包含在偏移 0x124b 处开始的字符，该字符在当前源字符集中无效(代码页 65001)。
C:\Users\86139\Desktop\大三上\计算机图形学\hw1\Demo\myglwidget.cpp(1,1): warning C4828: 文件包含在偏移 0x13a7 处开始的字符，该字符在当前源字符集中无效(代码页 65001)。
C:\Users\86139\Desktop\大三上\计算机图形学\hw1\Demo\myglwidget.cpp(1,1): warning C4828: 文件包含在偏移 0x13a9 处开始的字符，该字符在当前源字符集中无效(代码页 65001)。
C:\Users\86139\Desktop\大三上\计算机图形学\hw1\Demo\myglwidget.cpp(1,1): warning C4828: 文件包含在偏移 0x13af 处开始的字符，该字符在当前源字符集中无效(代码页 65001)。
C:\Users\86139\Desktop\大三上\计算机图形学\hw1\Demo\myglwidget.cpp(1,1): warning C4828: 文件包含在偏移 0x13b0 处开始的字符，该字符在当前源字符集中无效(代码页 65001)。
C:\Users\86139\Desktop\大三上\计算机图形学\hw1\Demo\myglwidget.cpp(1,1): warning C4828: 文件包含在偏移 0x13b2 处开始的字符，该字符在当前源字符集中无效(代码页 65001)。
C:\Users\86139\Desktop\大三上\计算机图形学\hw1\Demo\myglwidget.cpp(1,1): warning C4828: 文件包含在偏移 0x1448 处开始的字符，该字符在当前源字符集中无效(代码页 65001)。
C:\Users\86139\Desktop\大三上\计算机图形学\hw1\Demo\myglwidget.cpp(1,1): warning C4828: 文件包含在偏移 0x144a 处开始的字符，该字符在当前源字符集中无效(代码页 65001)。
C:\Users\86139\Desktop\大三上\计算机图形学\hw1\Demo\myglwidget.cpp(1,1): warning C4828: 文件包含在偏移 0x144e 处开始的字符，该字符在当前源字符集中无效(代码页 65001)。
C:\Users\86139\Desktop\大三上\计算机图形学\hw1\Demo\myglwidget.cpp(1,1): warning C4828: 文件包含在偏移 0x1450 处开始的字符，该字符在当前源字符集中无效(代码页 65001)。
C:\Users\86139\Desktop\大三上\计算机图形学\hw1\Demo\myglwidget.cpp(1,1): warning C4828: 文件包含在偏移 0x1454 处开始的字符，该字符在当前源字符集中无效(代码页 65001)。
C:\Users\86139\Desktop\大三上\计算机图形学\hw1\Demo\myglwidget.cpp(1,1): warning C4828: 文件包含在偏移 0x1455 处开始的字符，该字符在当前源字符集中无效(代码页 65001)。
C:\Users\86139\Desktop\大三上\计算机图形学\hw1\Demo\myglwidget.cpp(1,1): warning C4828: 文件包含在偏移 0x1457 处开始的字符，该字符在当前源字符集中无效(代码页 65001)。
C:\Users\86139\Desktop\大三上\计算机图形学\hw1\Demo\myglwidget.cpp(1,1): warning C4828: 文件包含在偏移 0x14b7 处开始的字符，该字符在当前源字符集中无效(代码页 65001)。
C:\Users\86139\Desktop\大三上\计算机图形学\hw1\Demo\myglwidget.cpp(1,1): warning C4828: 文件包含在偏移 0x14b9 处开始的字符，该字符在当前源字符集中无效(代码页 65001)。
C:\Users\86139\Desktop\大三上\计算机图形学\hw1\Demo\myglwidget.cpp(1,1): warning C4828: 文件包含在偏移 0x14ba 处开始的字符，该字符在当前源字符集中无效(代码页 65001)。
C:\Users\86139\Desktop\大三上\计算机图形学\hw1\Demo\myglwidget.cpp(1,1): warning C4828: 文件包含在偏移 0x14bd 处开始的字符，该字符在当前源字符集中无效(代码页 65001)。
C:\Users\86139\Desktop\大三上\计算机图形学\hw1\Demo\myglwidget.cpp(1,1): warning C4828: 文件包含在偏移 0x14df 处开始的字符，该字符在当前源字符集中无效(代码页 65001)。
C:\Users\86139\Desktop\大三上\计算机图形学\hw1\Demo\myglwidget.cpp(1,1): warning C4828: 文件包含在偏移 0x14e0 处开始的字符，该字符在当前源字符集中无效(代码页 65001)。
C:\Users\86139\Desktop\大三上\计算机图形学\hw1\Demo\myglwidget.cpp(1,1): warning C4828: 文件包含在偏移 0x14e1 处开始的字符，该字符在当前源字符集中无效(代码页 65001)。
C:\Users\86139\Desktop\大三上\计算机图形学\hw1\Demo\myglwidget.cpp(1,1): warning C4828: 文件包含在偏移 0x14e3 处开始的字符，该字符在当前源字符集中无效(代码页 65001)。
C:\Users\86139\Desktop\大三上\计算机图形学\hw1\Demo\myglwidget.cpp(1,1): warning C4828: 文件包含在偏移 0x14e4 处开始的字符，该字符在当前源字符集中无效(代码页 65001)。
C:\Users\86139\Desktop\大三上\计算机图形学\hw1\Demo\myglwidget.cpp(1,1): warning C4828: 文件包含在偏移 0x1505 处开始的字符，该字符在当前源字符集中无效(代码页 65001)。
C:\Users\86139\Desktop\大三上\计算机图形学\hw1\Demo\myglwidget.cpp(1,1): warning C4828: 文件包含在偏移 0x1507 处开始的字符，该字符在当前源字符集中无效(代码页 65001)。
C:\Users\86139\Desktop\大三上\计算机图形学\hw1\Demo\myglwidget.cpp(1,1): warning C4828: 文件包含在偏移 0x1509 处开始的字符，该字符在当前源字符集中无效(代码页 65001)。
C:\Users\86139\Desktop\大三上\计算机图形学\hw1\Demo\myglwidget.cpp(1,1): warning C4828: 文件包含在偏移 0x150a 处开始的字符，该字符在当前源字符集中无效(代码页 65001)。
C:\Users\86139\Desktop\大三上\计算机图形学\hw1\Demo\myglwidget.cpp(1,1): warning C4828: 文件包含在偏移 0x1518 处开始的字符，该字符在当前源字符集中无效(代码页 65001)。
C:\Users\86139\Desktop\大三上\计算机图形学\hw1\Demo\myglwidget.cpp(1,1): warning C4828: 文件包含在偏移 0x151a 处开始的字符，该字符在当前源字符集中无效(代码页 65001)。
C:\Users\86139\Desktop\大三上\计算机图形学\hw1\Demo\myglwidget.cpp(1,1): warning C4828: 文件包含在偏移 0x154f 处开始的字符，该字符在当前源字符集中无效(代码页 65001)。
C:\Users\86139\Desktop\大三上\计算机图形学\hw1\Demo\myglwidget.cpp(1,1): warning C4828: 文件包含在偏移 0x1552 处开始的字符，该字符在当前源字符集中无效(代码页 65001)。
C:\Users\86139\Desktop\大三上\计算机图形学\hw1\Demo\myglwidget.cpp(1,1): warning C4828: 文件包含在偏移 0x1554 处开始的字符，该字符在当前源字符集中无效(代码页 65001)。
C:\Users\86139\Desktop\大三上\计算机图形学\hw1\Demo\myglwidget.cpp(1,1): warning C4828: 文件包含在偏移 0x1589 处开始的字符，该字符在当前源字符集中无效(代码页 65001)。
C:\Users\86139\Desktop\大三上\计算机图形学\hw1\Demo\myglwidget.cpp(1,1): warning C4828: 文件包含在偏移 0x158c 处开始的字符，该字符在当前源字符集中无效(代码页 65001)。
C:\Users\86139\Desktop\大三上\计算机图形学\hw1\Demo\myglwidget.cpp(1,1): warning C4828: 文件包含在偏移 0x158e 处开始的字符，该字符在当前源字符集中无效(代码页 65001)。
C:\Users\86139\Desktop\大三上\计算机图形学\hw1\Demo\myglwidget.cpp(1,1): warning C4828: 文件包含在偏移 0x15c3 处开始的字符，该字符在当前源字符集中无效(代码页 65001)。
C:\Users\86139\Desktop\大三上\计算机图形学\hw1\Demo\myglwidget.cpp(1,1): warning C4828: 文件包含在偏移 0x15c6 处开始的字符，该字符在当前源字符集中无效(代码页 65001)。
C:\Users\86139\Desktop\大三上\计算机图形学\hw1\Demo\myglwidget.cpp(1,1): warning C4828: 文件包含在偏移 0x15c8 处开始的字符，该字符在当前源字符集中无效(代码页 65001)。
C:\Users\86139\Desktop\大三上\计算机图形学\hw1\Demo\myglwidget.h(1,1): warning C4828: 文件包含在偏移 0x1fd 处开始的字符，该字符在当前源字符集中无效(代码页 65001)。
  (编译源文件“myglwidget.cpp”)
  
C:\Users\86139\Desktop\大三上\计算机图形学\hw1\Demo\myglwidget.h(1,1): warning C4828: 文件包含在偏移 0x201 处开始的字符，该字符在当前源字符集中无效(代码页 65001)。
  (编译源文件“myglwidget.cpp”)
  
C:\Users\86139\Desktop\大三上\计算机图形学\hw1\Demo\myglwidget.h(1,1): warning C4828: 文件包含在偏移 0x205 处开始的字符，该字符在当前源字符集中无效(代码页 65001)。
  (编译源文件“myglwidget.cpp”)
  
C:\Users\86139\Desktop\大三上\计算机图形学\hw1\Demo\myglwidget.h(1,1): warning C4828: 文件包含在偏移 0x208 处开始的字符，该字符在当前源字符集中无效(代码页 65001)。
  (编译源文件“myglwidget.cpp”)
  
  CGTemplate.vcxproj -> C:\Users\86139\Desktop\大三上\计算机图形学\hw1\Demo\debug\CGTemplate.exe
